<?xml version="1.0" encoding="UTF-8"?>
<project version="4">
  <component name="AutoImportSettings">
    <option name="autoReloadType" value="SELECTIVE" />
  </component>
  <component name="ChangeListManager">
    <list default="true" id="42ffa3ba-d36a-4fdc-a8a1-8e8426b5276f" name="Changes" comment="">
      <change afterPath="$PROJECT_DIR$/.gitignore" afterDir="false" />
      <change afterPath="$PROJECT_DIR$/.idea/misc.xml" afterDir="false" />
      <change afterPath="$PROJECT_DIR$/.idea/vcs.xml" afterDir="false" />
      <change afterPath="$PROJECT_DIR$/.idea/workspace.xml" afterDir="false" />
      <change afterPath="$PROJECT_DIR$/pom.xml" afterDir="false" />
      <change afterPath="$PROJECT_DIR$/src/test/java/telran/datetime/DateTimeTest.java" afterDir="false" />
    </list>
    <option name="SHOW_DIALOG" value="false" />
    <option name="HIGHLIGHT_CONFLICTS" value="true" />
    <option name="HIGHLIGHT_NON_ACTIVE_CHANGELIST" value="false" />
    <option name="LAST_RESOLUTION" value="IGNORE" />
  </component>
  <component name="FileTemplateManagerImpl">
    <option name="RECENT_TEMPLATES">
      <list>
        <option value="Class" />
      </list>
    </option>
  </component>
  <component name="Git.Settings">
    <option name="RECENT_GIT_ROOT_PATH" value="$PROJECT_DIR$" />
  </component>
  <component name="ProjectColorInfo"><![CDATA[{
  "associatedIndex": 8
}]]></component>
  <component name="ProjectId" id="2kVleh73TM6xr1gA6T77SmImw9M" />
  <component name="ProjectLevelVcsManager" settingsEditedManually="true" />
  <component name="ProjectViewState">
    <option name="hideEmptyMiddlePackages" value="true" />
    <option name="showLibraryContents" value="true" />
  </component>
  <component name="PropertiesComponent"><![CDATA[{
  "keyToString": {
    "JUnit.All in date-time.executor": "Run",
    "JUnit.DateTimeTest.executor": "Run",
    "JUnit.DateTimeTest.localDateTest.executor": "Run",
    "Maven.date-time [compile].executor": "Run",
    "RunOnceActivity.ShowReadmeOnStart": "true",
    "git-widget-placeholder": "master",
    "kotlin-language-version-configured": "true"
  }
}]]></component>
  <component name="RunManager" selected="JUnit.DateTimeTest.localDateTest">
    <configuration name="All in date-time" type="JUnit" factoryName="JUnit" temporary="true" nameIsGenerated="true">
      <module name="date-time" />
      <option name="PACKAGE_NAME" value="" />
      <option name="TEST_OBJECT" value="package" />
      <method v="2">
        <option name="Make" enabled="true" />
      </method>
    </configuration>
    <configuration name="DateTimeTest" type="JUnit" factoryName="JUnit" temporary="true" nameIsGenerated="true">
      <module name="date-time" />
      <extension name="coverage">
        <pattern>
          <option name="PATTERN" value="telran.datetime.*" />
          <option name="ENABLED" value="true" />
        </pattern>
      </extension>
      <option name="PACKAGE_NAME" value="telran.datetime" />
      <option name="MAIN_CLASS_NAME" value="telran.datetime.DateTimeTest" />
      <option name="TEST_OBJECT" value="class" />
      <method v="2">
        <option name="Make" enabled="true" />
      </method>
    </configuration>
    <configuration name="DateTimeTest.localDateTest" type="JUnit" factoryName="JUnit" temporary="true" nameIsGenerated="true">
      <module name="date-time" />
      <extension name="coverage">
        <pattern>
          <option name="PATTERN" value="telran.datetime.*" />
          <option name="ENABLED" value="true" />
        </pattern>
      </extension>
      <option name="PACKAGE_NAME" value="telran.datetime" />
      <option name="MAIN_CLASS_NAME" value="telran.datetime.DateTimeTest" />
      <option name="METHOD_NAME" value="localDateTest" />
      <option name="TEST_OBJECT" value="method" />
      <method v="2">
        <option name="Make" enabled="true" />
      </method>
    </configuration>
    <recent_temporary>
      <list>
        <item itemvalue="JUnit.DateTimeTest.localDateTest" />
        <item itemvalue="JUnit.DateTimeTest" />
        <item itemvalue="JUnit.All in date-time" />
      </list>
    </recent_temporary>
  </component>
  <component name="SpellCheckerSettings" RuntimeDictionaries="0" Folders="0" CustomDictionaries="0" DefaultDictionary="application-level" UseSingleDictionary="true" transferred="true" />
  <component name="TaskManager">
    <task active="true" id="Default" summary="Default task">
      <changelist id="42ffa3ba-d36a-4fdc-a8a1-8e8426b5276f" name="Changes" comment="" />
      <created>1723376723619</created>
      <option name="number" value="Default" />
      <option name="presentableId" value="Default" />
      <updated>1723376723619</updated>
    </task>
    <servers />
  </component>
  <component name="com.github.evgenys91.machinet.common.dslhistory.DslHistoryState">
    <option name="historyDtoById">
      <map>
        <entry key="40afca">
          <value>
            <ChatHistoryModel>
              <option name="contextFilesPaths">
                <list>
                  <option value="$PROJECT_DIR$/src/test/java/telran/datetime/DateTimeTest.java" />
                  <option value="$PROJECT_DIR$/pom.xml" />
                </list>
              </option>
              <option name="id" value="40afca" />
              <option name="initiateTms" value="1723381199947" />
              <option name="request" value=" Проблема не решена. Вот файл pom.xml - а вообще проект ты можешь проанализировать самостоятельно.&#10;&#10;&lt;?xml version=&quot;1.0&quot; encoding=&quot;UTF-8&quot;?&gt;&#10;&lt;project xmlns=&quot;http://maven.apache.org/POM/4.0.0&quot;&#10;         xmlns:xsi=&quot;http://www.w3.org/2001/XMLSchema-instance&quot;&#10;         xsi:schemaLocation=&quot;http://maven.apache.org/POM/4.0.0 http://maven.apache.org/xsd/maven-4.0.0.xsd&quot;&gt;&#10;    &lt;modelVersion&gt;4.0.0&lt;/modelVersion&gt;&#10;&#10;    &lt;groupId&gt;telran.javalearning&lt;/groupId&gt;&#10;    &lt;artifactId&gt;date-time&lt;/artifactId&gt;&#10;    &lt;version&gt;1.0-SNAPSHOT&lt;/version&gt;&#10;&#10;    &lt;properties&gt;&#10;        &lt;maven.compiler.source&gt;22&lt;/maven.compiler.source&gt;&#10;        &lt;maven.compiler.target&gt;22&lt;/maven.compiler.target&gt;&#10;        &lt;project.build.sourceEncoding&gt;UTF-8&lt;/project.build.sourceEncoding&gt;&#10;    &lt;/properties&gt;&#10;    &lt;dependencies&gt;&#10;        &lt;!-- https://mvnrepository.com/artifact/org.junit.jupiter/junit-jupiter-api --&gt;&#10;        &lt;dependency&gt;&#10;            &lt;groupId&gt;org.junit.jupiter&lt;/groupId&gt;&#10;            &lt;artifactId&gt;junit-jupiter-api&lt;/artifactId&gt;&#10;            &lt;version&gt;5.10.3&lt;/version&gt;&#10;            &lt;scope&gt;test&lt;/scope&gt;&#10;        &lt;/dependency&gt;&#10;        &lt;dependency&gt;&#10;            &lt;groupId&gt;junit&lt;/groupId&gt;&#10;            &lt;artifactId&gt;junit&lt;/artifactId&gt;&#10;            &lt;version&gt;RELEASE&lt;/version&gt;&#10;            &lt;scope&gt;test&lt;/scope&gt;&#10;        &lt;/dependency&gt;&#10;    &lt;/dependencies&gt;&#10;&#10;&lt;/project&gt;" />
              <option name="response" value="" />
              <option name="responseDescription" value="&lt;em&gt;Dynamic context. Adding files:&lt;br/&gt;&lt;/em&gt;&lt;em&gt;No extra context to request.&#10;&lt;/em&gt;&lt;em&gt;&#10;&#10;&lt;/em&gt;Спасибо за предоставленную информацию. Давайте попробуем несколько дополнительных шагов для диагностики и решения проблемы.&#10;&#10;### 1. Убедитесь, что все зависимости JUnit добавлены&#10;&#10;В вашем `pom.xml` не хватает зависимости для `junit-jupiter-engine`, которая необходима для запуска тестов JUnit 5. Добавьте следующую зависимость:&#10;&#10;```xml&#10;&lt;dependencies&gt;&#10;    &lt;dependency&gt;&#10;        &lt;groupId&gt;org.junit.jupiter&lt;/groupId&gt;&#10;        &lt;artifactId&gt;junit-jupiter-api&lt;/artifactId&gt;&#10;        &lt;version&gt;5.10.3&lt;/version&gt;&#10;        &lt;scope&gt;test&lt;/scope&gt;&#10;    &lt;/dependency&gt;&#10;    &lt;dependency&gt;&#10;        &lt;groupId&gt;org.junit.jupiter&lt;/groupId&gt;&#10;        &lt;artifactId&gt;junit-jupiter-engine&lt;/artifactId&gt;&#10;        &lt;version&gt;5.10.3&lt;/version&gt;&#10;        &lt;scope&gt;test&lt;/scope&gt;&#10;    &lt;/dependency&gt;&#10;    &lt;dependency&gt;&#10;        &lt;groupId&gt;junit&lt;/groupId&gt;&#10;        &lt;artifactId&gt;junit&lt;/artifactId&gt;&#10;        &lt;version&gt;4.13.2&lt;/version&gt;&#10;        &lt;scope&gt;test&lt;/scope&gt;&#10;    &lt;/dependency&gt;&#10;&lt;/dependencies&gt;&#10;```&#10;&#10;### 2. Пересоберите проект&#10;&#10;После внесения изменений в `pom.xml`, пересоберите проект:&#10;&#10;1. Откройте `Build` -&gt; `Rebuild Project`.&#10;&#10;### 3. Проверьте структуру проекта&#10;&#10;Убедитесь, что структура проекта настроена правильно и что IntelliJ IDEA распознает ваш тестовый класс:&#10;&#10;1. Откройте `File` -&gt; `Project Structure...`.&#10;2. Перейдите на вкладку `Modules`.&#10;3. Убедитесь, что папка `src/test/java` помечена как `Test Sources Root`. Если нет, щелкните правой кнопкой мыши на папке и выберите `Mark Directory as` -&gt; `Test Sources Root`.&#10;&#10;### 4. Проверьте конфигурацию запуска тестов&#10;&#10;Убедитесь, что конфигурация запуска тестов настроена правильно:&#10;&#10;1. Откройте `Run` -&gt; `Edit Configurations...`.&#10;2. Найдите конфигурацию для запуска тестов JUnit.&#10;3. Убедитесь, что в поле `Test kind` выбрано `All in package` или `Class` и указано правильное имя класса `telran.datetime.DateTimeTest`.&#10;&#10;### 5. Запуск тестов&#10;&#10;После выполнения всех вышеуказанных шагов попробуйте снова запустить тесты.&#10;&#10;### 6. Пример полного `pom.xml`&#10;&#10;Вот пример полного `pom.xml`, который включает все необходимые зависимости:&#10;&#10;```xml&#10;&lt;?xml version=&quot;1.0&quot; encoding=&quot;UTF-8&quot;?&gt;&#10;&lt;project xmlns=&quot;http://maven.apache.org/POM/4.0.0&quot;&#10;         xmlns:xsi=&quot;http://www.w3.org/2001/XMLSchema-instance&quot;&#10;         xsi:schemaLocation=&quot;http://maven.apache.org/POM/4.0.0 http://maven.apache.org/xsd/maven-4.0.0.xsd&quot;&gt;&#10;    &lt;modelVersion&gt;4.0.0&lt;/modelVersion&gt;&#10;&#10;    &lt;groupId&gt;telran.javalearning&lt;/groupId&gt;&#10;    &lt;artifactId&gt;date-time&lt;/artifactId&gt;&#10;    &lt;version&gt;1.0-SNAPSHOT&lt;/version&gt;&#10;&#10;    &lt;properties&gt;&#10;        &lt;maven.compiler.source&gt;22&lt;/maven.compiler.source&gt;&#10;        &lt;maven.compiler.target&gt;22&lt;/maven.compiler.target&gt;&#10;        &lt;project.build.sourceEncoding&gt;UTF-8&lt;/project.build.sourceEncoding&gt;&#10;    &lt;/properties&gt;&#10;    &lt;dependencies&gt;&#10;        &lt;dependency&gt;&#10;            &lt;groupId&gt;org.junit.jupiter&lt;/groupId&gt;&#10;            &lt;artifactId&gt;junit-jupiter-api&lt;/artifactId&gt;&#10;            &lt;version&gt;5.10.3&lt;/version&gt;&#10;            &lt;scope&gt;test&lt;/scope&gt;&#10;        &lt;/dependency&gt;&#10;        &lt;dependency&gt;&#10;            &lt;groupId&gt;org.junit.jupiter&lt;/groupId&gt;&#10;            &lt;artifactId&gt;junit-jupiter-engine&lt;/artifactId&gt;&#10;            &lt;version&gt;5.10.3&lt;/version&gt;&#10;            &lt;scope&gt;test&lt;/scope&gt;&#10;        &lt;/dependency&gt;&#10;        &lt;dependency&gt;&#10;            &lt;groupId&gt;junit&lt;/groupId&gt;&#10;            &lt;artifactId&gt;junit&lt;/artifactId&gt;&#10;            &lt;version&gt;4.13.2&lt;/version&gt;&#10;            &lt;scope&gt;test&lt;/scope&gt;&#10;        &lt;/dependency&gt;&#10;    &lt;/dependencies&gt;&#10;&lt;/project&gt;&#10;```&#10;&#10;### 7. Проверка кода теста&#10;&#10;Убедитесь, что ваш тестовый класс правильно написан и находится в правильном пакете:&#10;&#10;```java&#10;package telran.datetime;&#10;&#10;import org.junit.jupiter.api.Test;&#10;import java.time.LocalDate;&#10;import java.time.LocalDateTime;&#10;&#10;public class DateTimeTest {&#10;    @Test&#10;    void localDateTest() {&#10;        LocalDate currentDate = LocalDate.now();&#10;        LocalDateTime currentTime = LocalDateTime.now();&#10;&#10;        System.out.printf(&quot;Current date is %s (in ISO format) \n&quot;, currentDate);&#10;        System.out.printf(&quot;Current date &amp; time is %s (in ISO format) \n&quot;, currentTime);&#10;    }&#10;}&#10;```&#10;&#10;### 8. Проверка структуры каталогов&#10;&#10;Убедитесь, что структура каталогов вашего проекта соответствует стандартной структуре Maven:&#10;&#10;```&#10;project-root/&#10;|-- src/&#10;|   |-- main/&#10;|   |   |-- java/&#10;|   |-- test/&#10;|       |-- java/&#10;|           |-- telran/&#10;|               |-- datetime/&#10;|                   |-- DateTimeTest.java&#10;|-- pom.xml&#10;```&#10;&#10;Если после выполнения всех этих шагов проблема не решена, пожалуйста, предоставьте дополнительную информацию о структуре вашего проекта и содержимом файла `pom.xml`, чтобы я мог более точно диагностировать проблему." />
              <option name="responseFileName" value="" />
              <option name="responseFilePath" value="" />
              <option name="responseTms" value="1723381217987" />
              <option name="usedLocalFilePaths">
                <list>
                  <option value="$PROJECT_DIR$/src/test/java/telran/datetime/DateTimeTest.java" />
                  <option value="$PROJECT_DIR$/pom.xml" />
                </list>
              </option>
            </ChatHistoryModel>
          </value>
        </entry>
        <entry key="d3272d">
          <value>
            <ChatHistoryModel>
              <option name="contextFilesPaths">
                <list>
                  <option value="$PROJECT_DIR$/src/test/java/telran/datetime/DateTimeTest.java" />
                </list>
              </option>
              <option name="id" value="d3272d" />
              <option name="initiateTms" value="1723380379203" />
              <option name="request" value=" /home/vitaly_root/.jdks/openjdk-22.0.1/bin/java -ea -Didea.test.cyclic.buffer.size=1048576 -javaagent:/snap/intellij-idea-community/522/lib/idea_rt.jar=43117:/snap/intellij-idea-community/522/bin -Dfile.encoding=UTF-8 -Dsun.stdout.encoding=UTF-8 -Dsun.stderr.encoding=UTF-8 -classpath /home/vitaly_root/.m2/repository/org/junit/platform/junit-platform-launcher/1.10.3/junit-platform-launcher-1.10.3.jar:/home/vitaly_root/.m2/repository/org/junit/platform/junit-platform-engine/1.10.3/junit-platform-engine-1.10.3.jar:/home/vitaly_root/.m2/repository/org/junit/jupiter/junit-jupiter-engine/5.10.3/junit-jupiter-engine-5.10.3.jar:/home/vitaly_root/.m2/repository/org/junit/vintage/junit-vintage-engine/5.10.3/junit-vintage-engine-5.10.3.jar:/snap/intellij-idea-community/522/lib/idea_rt.jar:/snap/intellij-idea-community/522/plugins/junit/lib/junit5-rt.jar:/snap/intellij-idea-community/522/plugins/junit/lib/junit-rt.jar:/home/vitaly_root/.m2/repository/org/junit/jupiter/junit-jupiter-api/5.10.3/junit-jupiter-api-5.10.3.jar:/home/vitaly_root/.m2/repository/org/opentest4j/opentest4j/1.3.0/opentest4j-1.3.0.jar:/home/vitaly_root/.m2/repository/org/junit/platform/junit-platform-commons/1.10.3/junit-platform-commons-1.10.3.jar:/home/vitaly_root/.m2/repository/org/apiguardian/apiguardian-api/1.1.2/apiguardian-api-1.1.2.jar:/home/vitaly_root/.m2/repository/junit/junit/4.13.2/junit-4.13.2.jar:/home/vitaly_root/.m2/repository/org/hamcrest/hamcrest-core/1.3/hamcrest-core-1.3.jar com.intellij.rt.junit.JUnitStarter -ideVersion5 -junit5 telran.datetime.DateTimeTest,localDateTest&#10;Internal Error occurred.&#10;org.junit.platform.commons.JUnitException: TestEngine with ID 'junit-jupiter' failed to discover tests&#10;&#9;at org.junit.platform.launcher.core.EngineDiscoveryOrchestrator.discoverEngineRoot(EngineDiscoveryOrchestrator.java:160)&#10;&#9;at org.junit.platform.launcher.core.EngineDiscoveryOrchestrator.discoverSafely(EngineDiscoveryOrchestrator.java:132)&#10;&#9;at org.junit.platform.launcher.core.EngineDiscoveryOrchestrator.discover(EngineDiscoveryOrchestrator.java:107)&#10;&#9;at org.junit.platform.launcher.core.EngineDiscoveryOrchestrator.discover(EngineDiscoveryOrchestrator.java:78)&#10;&#9;at org.junit.platform.launcher.core.DefaultLauncher.discover(DefaultLauncher.java:99)&#10;&#9;at org.junit.platform.launcher.core.DefaultLauncher.execute(DefaultLauncher.java:85)&#10;&#9;at org.junit.platform.launcher.core.DelegatingLauncher.execute(DelegatingLauncher.java:47)&#10;&#9;at org.junit.platform.launcher.core.SessionPerRequestLauncher.execute(SessionPerRequestLauncher.java:63)&#10;&#9;at com.intellij.junit5.JUnit5IdeaTestRunner.startRunnerWithArgs(JUnit5IdeaTestRunner.java:57)&#10;&#9;at com.intellij.rt.junit.IdeaTestRunner$Repeater$1.execute(IdeaTestRunner.java:38)&#10;&#9;at com.intellij.rt.execution.junit.TestsRepeater.repeat(TestsRepeater.java:11)&#10;&#9;at com.intellij.rt.junit.IdeaTestRunner$Repeater.startRunnerWithArgs(IdeaTestRunner.java:35)&#10;&#9;at com.intellij.rt.junit.JUnitStarter.prepareStreamsAndStart(JUnitStarter.java:232)&#10;&#9;at com.intellij.rt.junit.JUnitStarter.main(JUnitStarter.java:55)&#10;Caused by: org.junit.platform.commons.JUnitException: ClassSelector [className = 'telran.datetime.DateTimeTest', classLoader = null] resolution failed&#10;&#9;at org.junit.platform.launcher.listeners.discovery.AbortOnFailureLauncherDiscoveryListener.selectorProcessed(AbortOnFailureLauncherDiscoveryListener.java:39)&#10;&#9;at org.junit.platform.engine.support.discovery.EngineDiscoveryRequestResolution.resolveCompletely(EngineDiscoveryRequestResolution.java:103)&#10;&#9;at org.junit.platform.engine.support.discovery.EngineDiscoveryRequestResolution.run(EngineDiscoveryRequestResolution.java:83)&#10;&#9;at org.junit.platform.engine.support.discovery.EngineDiscoveryRequestResolver.resolve(EngineDiscoveryRequestResolver.java:113)&#10;&#9;at org.junit.jupiter.engine.discovery.DiscoverySelectorResolver.resolveSelectors(DiscoverySelectorResolver.java:46)&#10;&#9;at org.junit.jupiter.engine.JupiterTestEngine.discover(JupiterTestEngine.java:69)&#10;&#9;at org.junit.platform.launcher.core.EngineDiscoveryOrchestrator.discoverEngineRoot(EngineDiscoveryOrchestrator.java:152)&#10;&#9;... 13 more&#10;Caused by: org.junit.platform.commons.PreconditionViolationException: Could not load class with name: telran.datetime.DateTimeTest&#10;&#9;at org.junit.platform.engine.discovery.ClassSelector.lambda$getJavaClass$0(ClassSelector.java:95)&#10;&#9;at org.junit.platform.commons.function.Try$Failure.getOrThrow(Try.java:335)&#10;&#9;at org.junit.platform.engine.discovery.ClassSelector.getJavaClass(ClassSelector.java:94)&#10;&#9;at org.junit.jupiter.engine.discovery.ClassSelectorResolver.resolve(ClassSelectorResolver.java:66)&#10;&#9;at org.junit.platform.engine.support.discovery.EngineDiscoveryRequestResolution.lambda$resolve$2(EngineDiscoveryRequestResolution.java:135)&#10;&#9;at java.base/java.util.stream.ReferencePipeline$3$1.accept(ReferencePipeline.java:212)&#10;&#9;at java.base/java.util.ArrayList$ArrayListSpliterator.tryAdvance(ArrayList.java:1686)&#10;&#9;at java.base/java.util.stream.ReferencePipeline.forEachWithCancel(ReferencePipeline.java:144)&#10;&#9;at java.base/java.util.stream.AbstractPipeline.copyIntoWithCancel(AbstractPipeline.java:574)&#10;&#9;at java.base/java.util.stream.AbstractPipeline.copyInto(AbstractPipeline.java:560)&#10;&#9;at java.base/java.util.stream.AbstractPipeline.wrapAndCopyInto(AbstractPipeline.java:546)&#10;&#9;at java.base/java.util.stream.FindOps$FindOp.evaluateSequential(FindOps.java:150)&#10;&#9;at java.base/java.util.stream.AbstractPipeline.evaluate(AbstractPipeline.java:265)&#10;&#9;at java.base/java.util.stream.ReferencePipeline.findFirst(ReferencePipeline.java:662)&#10;&#9;at org.junit.platform.engine.support.discovery.EngineDiscoveryRequestResolution.resolve(EngineDiscoveryRequestResolution.java:189)&#10;&#9;at org.junit.platform.engine.support.discovery.EngineDiscoveryRequestResolution.resolve(EngineDiscoveryRequestResolution.java:126)&#10;&#9;at org.junit.platform.engine.support.discovery.EngineDiscoveryRequestResolution.resolveCompletely(EngineDiscoveryRequestResolution.java:92)&#10;&#9;... 18 more&#10;Caused by: java.lang.ClassNotFoundException: telran.datetime.DateTimeTest&#10;&#9;at java.base/jdk.internal.loader.BuiltinClassLoader.loadClass(BuiltinClassLoader.java:641)&#10;&#9;at java.base/jdk.internal.loader.ClassLoaders$AppClassLoader.loadClass(ClassLoaders.java:188)&#10;&#9;at java.base/java.lang.ClassLoader.loadClass(ClassLoader.java:525)&#10;&#9;at java.base/java.lang.Class.forName0(Native Method)&#10;&#9;at java.base/java.lang.Class.forName(Class.java:529)&#10;&#9;at java.base/java.lang.Class.forName(Class.java:508)&#10;&#9;at org.junit.platform.commons.util.ReflectionUtils.lambda$tryToLoadClass$9(ReflectionUtils.java:832)&#10;&#9;at org.junit.platform.commons.function.Try.lambda$call$0(Try.java:57)&#10;&#9;at org.junit.platform.commons.function.Try.of(Try.java:93)&#10;&#9;at org.junit.platform.commons.function.Try.call(Try.java:57)&#10;&#9;at org.junit.platform.commons.util.ReflectionUtils.tryToLoadClass(ReflectionUtils.java:795)&#10;&#9;at org.junit.platform.commons.util.ReflectionUtils.tryToLoadClass(ReflectionUtils.java:751)&#10;&#9;at org.junit.platform.engine.discovery.ClassSelector.getJavaClass(ClassSelector.java:92)&#10;&#9;... 32 more&#10;&#10;Process finished with exit code 254&#10;&#10;Вот такая картинка - у меня ощущение, что я не обновил зависимости Maven, но я не помню, где это делается в IntelliJ" />
              <option name="response" value="" />
              <option name="responseDescription" value="Похоже, что проблема связана с тем, что JUnit не может найти и загрузить класс `telran.datetime.DateTimeTest`. Это может быть вызвано несколькими причинами, включая проблемы с зависимостями Maven или неправильной конфигурацией проекта в IntelliJ IDEA. Давайте попробуем решить эту проблему шаг за шагом.&#10;&#10;### 1. Обновление зависимостей Maven&#10;&#10;Чтобы обновить зависимости Maven в IntelliJ IDEA, выполните следующие шаги:&#10;&#10;1. Откройте окно проекта (Project) в IntelliJ IDEA.&#10;2. Найдите файл `pom.xml` в корне вашего проекта.&#10;3. Щелкните правой кнопкой мыши на `pom.xml` и выберите `Maven` -&gt; `Reimport`.&#10;&#10;Это действие обновит все зависимости Maven и убедится, что все они загружены правильно.&#10;&#10;### 2. Проверка конфигурации запуска тестов&#10;&#10;Убедитесь, что конфигурация запуска тестов настроена правильно:&#10;&#10;1. Откройте `Run` -&gt; `Edit Configurations...`.&#10;2. Найдите конфигурацию для запуска тестов JUnit.&#10;3. Убедитесь, что в поле `Test kind` выбрано `All in package` или `Class` и указано правильное имя класса `telran.datetime.DateTimeTest`.&#10;&#10;### 3. Проверка структуры проекта&#10;&#10;Убедитесь, что структура проекта настроена правильно и что IntelliJ IDEA распознает ваш тестовый класс:&#10;&#10;1. Откройте `File` -&gt; `Project Structure...`.&#10;2. Перейдите на вкладку `Modules`.&#10;3. Убедитесь, что папка `src/test/java` помечена как `Test Sources Root`. Если нет, щелкните правой кнопкой мыши на папке и выберите `Mark Directory as` -&gt; `Test Sources Root`.&#10;&#10;### 4. Проверка зависимостей JUnit в `pom.xml`&#10;&#10;Убедитесь, что у вас есть правильные зависимости JUnit в вашем `pom.xml`:&#10;&#10;```xml&#10;&lt;dependencies&gt;&#10;    &lt;dependency&gt;&#10;        &lt;groupId&gt;org.junit.jupiter&lt;/groupId&gt;&#10;        &lt;artifactId&gt;junit-jupiter-api&lt;/artifactId&gt;&#10;        &lt;version&gt;5.10.3&lt;/version&gt;&#10;        &lt;scope&gt;test&lt;/scope&gt;&#10;    &lt;/dependency&gt;&#10;    &lt;dependency&gt;&#10;        &lt;groupId&gt;org.junit.jupiter&lt;/groupId&gt;&#10;        &lt;artifactId&gt;junit-jupiter-engine&lt;/artifactId&gt;&#10;        &lt;version&gt;5.10.3&lt;/version&gt;&#10;        &lt;scope&gt;test&lt;/scope&gt;&#10;    &lt;/dependency&gt;&#10;&lt;/dependencies&gt;&#10;```&#10;&#10;### 5. Пересборка проекта&#10;&#10;Попробуйте пересобрать проект:&#10;&#10;1. Откройте `Build` -&gt; `Rebuild Project`.&#10;&#10;### 6. Запуск тестов&#10;&#10;После выполнения всех вышеуказанных шагов попробуйте снова запустить тесты.&#10;&#10;Если проблема не решена, пожалуйста, предоставьте дополнительную информацию о структуре вашего проекта и содержимом файла `pom.xml`, чтобы я мог более точно диагностировать проблему." />
              <option name="responseFileName" value="" />
              <option name="responseFilePath" value="" />
              <option name="responseTms" value="1723380391147" />
              <option name="usedLocalFilePaths">
                <list>
                  <option value="$PROJECT_DIR$/src/test/java/telran/datetime/DateTimeTest.java" />
                </list>
              </option>
            </ChatHistoryModel>
          </value>
        </entry>
        <entry key="deeff6">
          <value>
            <ChatHistoryModel>
              <option name="contextFilesPaths">
                <list>
                  <option value="$PROJECT_DIR$/pom.xml" />
                  <option value="$PROJECT_DIR$/src/test/java/telran/datetime/DateTimeTest.java" />
                </list>
              </option>
              <option name="id" value="deeff6" />
              <option name="initiateTms" value="1723380447459" />
              <option name="response" value="" />
              <option name="responseFileName" value="" />
              <option name="responseFilePath" value="" />
              <option name="responseTms" value="1723380465223" />
              <option name="usedLocalFilePaths">
                <list>
                  <option value="$PROJECT_DIR$/pom.xml" />
                  <option value="$PROJECT_DIR$/src/test/java/telran/datetime/DateTimeTest.java" />
                </list>
              </option>
            </ChatHistoryModel>
          </value>
        </entry>
      </map>
    </option>
  </component>
</project>